2017-02-27 02:01:53 [main.cpp-main:49] INFO : HERE
2017-02-27 02:01:53 [Simulation.h-run:142] INFO : Simulation started
2017-02-27 02:01:53 [Simulation.h-run:165] INFO : Rep 1 of 2 started
2017-02-27 02:01:53 [Simulation.h-run:180] INFO : Event Jan-01-2017, 09:00:00 processed
2017-02-27 02:01:53 [Simulation.h-run:180] INFO : Event Jan-01-2017, 12:42:12 processed
2017-02-27 02:01:53 [Simulation.h-run:180] INFO : Event Jan-01-2017, 13:54:33 processed
2017-02-27 02:01:53 [Simulation.h-run:180] INFO : Event Jan-01-2017, 16:10:37 processed
2017-02-27 02:01:53 [Simulation.h-run:180] INFO : Event Jan-01-2017, 17:37:54 processed
2017-02-27 02:01:53 [Simulation.h-run:185] INFO : Rep 1 of 2 completed
2017-02-27 02:01:53 [Simulation.h-run:165] INFO : Rep 2 of 2 started
2017-02-27 02:01:53 [Simulation.h-run:180] INFO : Event Jan-01-2017, 09:00:00 processed
2017-02-27 02:01:53 [Simulation.h-run:180] INFO : Event Jan-01-2017, 12:42:12 processed
2017-02-27 02:01:53 [Simulation.h-run:180] INFO : Event Jan-01-2017, 13:54:33 processed
2017-02-27 02:01:53 [Simulation.h-run:180] INFO : Event Jan-01-2017, 16:10:37 processed
2017-02-27 02:01:53 [Simulation.h-run:180] INFO : Event Jan-01-2017, 17:37:54 processed
2017-02-27 02:01:53 [Simulation.h-run:185] INFO : Rep 2 of 2 completed
2017-02-27 02:01:53 [Simulation.h-run:152] INFO : Simulation completed
2017-02-27 02:01:53 [main.cpp-main:57] INFO : Runtime: 0.00323 s
2017-02-27 03:29:04 INFO  [Simulation.h-Simulation:101] : Flags = debug off, rand on, verbose off
2017-02-27 03:29:04 INFO  [Simulation.h-Simulation:107] : Seed = 1.68872e+08
2017-02-27 03:29:04 INFO  [Team.cpp-Team:46] : Initializing team: DefaultTeam with 1 agents and 1 task types
2017-02-27 03:29:04 INFO  [Team.cpp-Team:48] : Start: Jan-01-2017, 09:00:00 Stop: Jan-01-2017, 17:00:00
2017-02-27 03:29:04 DEBUG [Team.cpp-initArrivingTasks:130] : Task arriving at Jan-01-2017, 12:36:17
